<?xml version="1.0" encoding="UTF-8"?>
<testng-results ignored="0" total="7" passed="7" failed="0" skipped="0">
  <reporter-output>
  </reporter-output>
  <suite started-at="2023-11-02T22:40:26 GMT" name="Suite" finished-at="2023-11-02T22:41:54 GMT" duration-ms="87752">
    <groups>
    </groups>
    <test started-at="2023-11-02T22:40:26 GMT" name="docker-test" finished-at="2023-11-02T22:41:54 GMT" duration-ms="87752">
      <class name="com.remote.topdandy.LoginNewTest">
        <test-method is-config="true" signature="setUp()[pri:0, instance:com.remote.topdandy.LoginNewTest@6497b078]" started-at="2023-11-02T22:41:31 GMT" name="setUp" finished-at="2023-11-02T22:41:32 GMT" duration-ms="1352" status="PASS">
          <reporter-output>
          </reporter-output>
        </test-method> <!-- setUp -->
        <test-method signature="loginNewTest()[pri:0, instance:com.remote.topdandy.LoginNewTest@6497b078]" started-at="2023-11-02T22:41:32 GMT" name="loginNewTest" finished-at="2023-11-02T22:41:37 GMT" duration-ms="4660" status="PASS">
          <reporter-output>
          </reporter-output>
        </test-method> <!-- loginNewTest -->
        <test-method is-config="true" signature="tearDown()[pri:0, instance:com.remote.topdandy.LoginNewTest@6497b078]" started-at="2023-11-02T22:41:37 GMT" name="tearDown" finished-at="2023-11-02T22:41:37 GMT" duration-ms="168" status="PASS">
          <reporter-output>
          </reporter-output>
        </test-method> <!-- tearDown -->
      </class> <!-- com.remote.topdandy.LoginNewTest -->
      <class name="com.newtests.LoginTest">
        <test-method is-config="true" signature="setUp()[pri:0, instance:com.newtests.LoginTest@c03cf28]" started-at="2023-11-02T22:41:14 GMT" name="setUp" finished-at="2023-11-02T22:41:16 GMT" duration-ms="1448" status="PASS">
          <reporter-output>
          </reporter-output>
        </test-method> <!-- setUp -->
        <test-method signature="loginTest()[pri:0, instance:com.newtests.LoginTest@c03cf28]" started-at="2023-11-02T22:41:16 GMT" name="loginTest" finished-at="2023-11-02T22:41:21 GMT" duration-ms="5002" status="PASS">
          <reporter-output>
          </reporter-output>
        </test-method> <!-- loginTest -->
        <test-method is-config="true" signature="tearDown()[pri:0, instance:com.newtests.LoginTest@c03cf28]" started-at="2023-11-02T22:41:21 GMT" name="tearDown" finished-at="2023-11-02T22:41:21 GMT" duration-ms="169" status="PASS">
          <reporter-output>
          </reporter-output>
        </test-method> <!-- tearDown -->
      </class> <!-- com.newtests.LoginTest -->
      <class name="com.local.topdandy.RegistrationTest">
        <test-method is-config="true" signature="setUp()[pri:0, instance:com.local.topdandy.RegistrationTest@1356d4d4]" started-at="2023-11-02T22:41:01 GMT" name="setUp" finished-at="2023-11-02T22:41:03 GMT" duration-ms="2524" status="PASS">
          <reporter-output>
          </reporter-output>
        </test-method> <!-- setUp -->
        <test-method signature="registerNewUser()[pri:0, instance:com.local.topdandy.RegistrationTest@1356d4d4]" started-at="2023-11-02T22:41:03 GMT" name="registerNewUser" finished-at="2023-11-02T22:41:14 GMT" duration-ms="10588" status="PASS">
          <reporter-output>
          </reporter-output>
        </test-method> <!-- registerNewUser -->
        <test-method is-config="true" signature="tearDown()[pri:0, instance:com.local.topdandy.RegistrationTest@1356d4d4]" started-at="2023-11-02T22:41:14 GMT" name="tearDown" finished-at="2023-11-02T22:41:14 GMT" duration-ms="237" status="PASS">
          <reporter-output>
          </reporter-output>
        </test-method> <!-- tearDown -->
      </class> <!-- com.local.topdandy.RegistrationTest -->
      <class name="com.remote.topdandy.LoginTest">
        <test-method is-config="true" signature="setUp()[pri:0, instance:com.remote.topdandy.LoginTest@41c2284a]" started-at="2023-11-02T22:41:37 GMT" name="setUp" finished-at="2023-11-02T22:41:38 GMT" duration-ms="1099" status="PASS">
          <reporter-output>
          </reporter-output>
        </test-method> <!-- setUp -->
        <test-method signature="loginTest()[pri:0, instance:com.remote.topdandy.LoginTest@41c2284a]" started-at="2023-11-02T22:41:38 GMT" name="loginTest" finished-at="2023-11-02T22:41:43 GMT" duration-ms="5262" status="PASS">
          <reporter-output>
          </reporter-output>
        </test-method> <!-- loginTest -->
        <test-method is-config="true" signature="tearDown()[pri:0, instance:com.remote.topdandy.LoginTest@41c2284a]" started-at="2023-11-02T22:41:43 GMT" name="tearDown" finished-at="2023-11-02T22:41:43 GMT" duration-ms="168" status="PASS">
          <reporter-output>
          </reporter-output>
        </test-method> <!-- tearDown -->
      </class> <!-- com.remote.topdandy.LoginTest -->
      <class name="com.remote.topdandy.RegistrationTest">
        <test-method is-config="true" signature="setUp()[pri:0, instance:com.remote.topdandy.RegistrationTest@53aad5d5]" started-at="2023-11-02T22:41:43 GMT" name="setUp" finished-at="2023-11-02T22:41:44 GMT" duration-ms="1272" status="PASS">
          <reporter-output>
          </reporter-output>
        </test-method> <!-- setUp -->
        <test-method signature="registerNewUser()[pri:0, instance:com.remote.topdandy.RegistrationTest@53aad5d5]" started-at="2023-11-02T22:41:44 GMT" name="registerNewUser" finished-at="2023-11-02T22:41:54 GMT" duration-ms="9044" status="PASS">
          <reporter-output>
          </reporter-output>
        </test-method> <!-- registerNewUser -->
        <test-method is-config="true" signature="tearDown()[pri:0, instance:com.remote.topdandy.RegistrationTest@53aad5d5]" started-at="2023-11-02T22:41:54 GMT" name="tearDown" finished-at="2023-11-02T22:41:54 GMT" duration-ms="185" status="PASS">
          <reporter-output>
          </reporter-output>
        </test-method> <!-- tearDown -->
      </class> <!-- com.remote.topdandy.RegistrationTest -->
      <class name="com.newtests.RegistrationTest">
        <test-method is-config="true" signature="setUp()[pri:0, instance:com.newtests.RegistrationTest@1329eff]" started-at="2023-11-02T22:41:21 GMT" name="setUp" finished-at="2023-11-02T22:41:22 GMT" duration-ms="891" status="PASS">
          <reporter-output>
          </reporter-output>
        </test-method> <!-- setUp -->
        <test-method signature="registerNewUser()[pri:0, instance:com.newtests.RegistrationTest@1329eff]" started-at="2023-11-02T22:41:22 GMT" name="registerNewUser" finished-at="2023-11-02T22:41:30 GMT" duration-ms="8604" status="PASS">
          <reporter-output>
          </reporter-output>
        </test-method> <!-- registerNewUser -->
        <test-method is-config="true" signature="tearDown()[pri:0, instance:com.newtests.RegistrationTest@1329eff]" started-at="2023-11-02T22:41:30 GMT" name="tearDown" finished-at="2023-11-02T22:41:31 GMT" duration-ms="117" status="PASS">
          <reporter-output>
          </reporter-output>
        </test-method> <!-- tearDown -->
      </class> <!-- com.newtests.RegistrationTest -->
      <class name="com.local.topdandy.LoginTest">
        <test-method is-config="true" signature="setUp()[pri:0, instance:com.local.topdandy.LoginTest@5f16132a]" started-at="2023-11-02T22:40:26 GMT" name="setUp" finished-at="2023-11-02T22:40:53 GMT" duration-ms="26584" status="PASS">
          <reporter-output>
          </reporter-output>
        </test-method> <!-- setUp -->
        <test-method signature="loginTest()[pri:0, instance:com.local.topdandy.LoginTest@5f16132a]" started-at="2023-11-02T22:40:53 GMT" name="loginTest" finished-at="2023-11-02T22:41:01 GMT" duration-ms="8007" status="PASS">
          <reporter-output>
          </reporter-output>
        </test-method> <!-- loginTest -->
        <test-method is-config="true" signature="tearDown()[pri:0, instance:com.local.topdandy.LoginTest@5f16132a]" started-at="2023-11-02T22:41:01 GMT" name="tearDown" finished-at="2023-11-02T22:41:01 GMT" duration-ms="139" status="PASS">
          <reporter-output>
          </reporter-output>
        </test-method> <!-- tearDown -->
      </class> <!-- com.local.topdandy.LoginTest -->
    </test> <!-- docker-test -->
  </suite> <!-- Suite -->
</testng-results>
